<?xml version="1.0" encoding="UTF-8"?>
<!-- Generated by org.testng.reporters.JUnitXMLReporter -->
<testsuite ignored="4" hostname="BCV-DT-028" failures="0" tests="1" name="Default test" time="59.326" errors="0" timestamp="2022-11-18T12:11:07 IST">
  <testcase classname="com.erp.qa.testcases.PurchaseIndentPageTest" name="addindentTest" time="50.527"/>
  <testcase classname="com.erp.qa.testcases.PurchaseIndentPageTest" name="submitindentTest" time="0.0">
    <ignored/>
  </testcase> <!-- submitindentTest -->
  <testcase classname="com.erp.qa.testcases.PurchaseIndentPageTest" name="validatedashbordPageTitleTest" time="0.0">
    <ignored/>
  </testcase> <!-- validatedashbordPageTitleTest -->
  <testcase classname="com.erp.qa.testcases.PurchaseIndentPageTest" name="lookonpurchaseindentTest" time="0.0">
    <ignored/>
  </testcase> <!-- lookonpurchaseindentTest -->
  <testcase classname="com.erp.qa.testcases.PurchaseIndentPageTest" name="discartpurchaseindentTest" time="0.0">
    <ignored/>
  </testcase> <!-- discartpurchaseindentTest -->
</testsuite> <!-- Default test -->
