<?xml version="1.0" encoding="UTF-8"?>
<testng-results ignored="4" total="5" passed="1" failed="0" skipped="0">
  <reporter-output>
  </reporter-output>
  <suite started-at="2022-11-17T17:28:54 IST" name="Default suite" finished-at="2022-11-17T17:29:53 IST" duration-ms="59231">
    <groups>
    </groups>
    <test started-at="2022-11-17T17:28:54 IST" name="Default test" finished-at="2022-11-17T17:29:53 IST" duration-ms="59231">
      <class name="com.erp.qa.testcases.PurchaseIndentPageTest">
        <test-method is-config="true" signature="setUp()[pri:0, instance:com.erp.qa.testcases.PurchaseIndentPageTest@1c7696c6]" started-at="2022-11-17T17:28:54 IST" name="setUp" finished-at="2022-11-17T17:29:03 IST" duration-ms="8470" status="PASS">
          <reporter-output>
          </reporter-output>
        </test-method> <!-- setUp -->
        <test-method signature="addindentTest()[pri:4, instance:com.erp.qa.testcases.PurchaseIndentPageTest@1c7696c6]" started-at="2022-11-17T17:29:03 IST" name="addindentTest" finished-at="2022-11-17T17:29:53 IST" duration-ms="50543" status="PASS">
          <reporter-output>
          </reporter-output>
        </test-method> <!-- addindentTest -->
        <test-method is-config="true" signature="tearDown()[pri:0, instance:com.erp.qa.testcases.PurchaseIndentPageTest@1c7696c6]" started-at="2022-11-17T17:29:53 IST" name="tearDown" finished-at="2022-11-17T17:29:53 IST" duration-ms="180" status="PASS">
          <reporter-output>
          </reporter-output>
        </test-method> <!-- tearDown -->
      </class> <!-- com.erp.qa.testcases.PurchaseIndentPageTest -->
    </test> <!-- Default test -->
  </suite> <!-- Default suite -->
</testng-results>
