<?xml version="1.0" encoding="UTF-8"?>
<testng-results ignored="0" total="12" passed="11" failed="1" skipped="0">
  <reporter-output>
  </reporter-output>
  <suite started-at="2022-11-18T12:15:29 IST" name="ERPVGS Automation" finished-at="2022-11-18T12:17:44 IST" duration-ms="135613">
    <groups>
    </groups>
    <test started-at="2022-11-18T12:15:29 IST" name="ERP Test Cases" finished-at="2022-11-18T12:17:44 IST" duration-ms="135613">
      <class name="com.erp.qa.testcases.PurchaseIndentPageTest">
        <test-method is-config="true" signature="setUp()[pri:0, instance:com.erp.qa.testcases.PurchaseIndentPageTest@3e27ba32]" started-at="2022-11-18T12:15:54 IST" name="setUp" finished-at="2022-11-18T12:16:01 IST" duration-ms="6965" status="PASS">
          <reporter-output>
          </reporter-output>
        </test-method> <!-- setUp -->
        <test-method signature="validatedashbordPageTitleTest()[pri:1, instance:com.erp.qa.testcases.PurchaseIndentPageTest@3e27ba32]" started-at="2022-11-18T12:16:01 IST" name="validatedashbordPageTitleTest" finished-at="2022-11-18T12:16:01 IST" duration-ms="6" status="PASS">
          <reporter-output>
          </reporter-output>
        </test-method> <!-- validatedashbordPageTitleTest -->
        <test-method is-config="true" signature="tearDown()[pri:0, instance:com.erp.qa.testcases.PurchaseIndentPageTest@3e27ba32]" started-at="2022-11-18T12:16:01 IST" name="tearDown" finished-at="2022-11-18T12:16:02 IST" duration-ms="184" status="PASS">
          <reporter-output>
          </reporter-output>
        </test-method> <!-- tearDown -->
        <test-method is-config="true" signature="setUp()[pri:0, instance:com.erp.qa.testcases.PurchaseIndentPageTest@3e27ba32]" started-at="2022-11-18T12:16:02 IST" name="setUp" finished-at="2022-11-18T12:16:08 IST" duration-ms="6691" status="PASS">
          <reporter-output>
          </reporter-output>
        </test-method> <!-- setUp -->
        <test-method signature="lookonpurchaseindentTest()[pri:2, instance:com.erp.qa.testcases.PurchaseIndentPageTest@3e27ba32]" started-at="2022-11-18T12:16:08 IST" name="lookonpurchaseindentTest" finished-at="2022-11-18T12:16:19 IST" duration-ms="10592" status="PASS">
          <reporter-output>
          </reporter-output>
        </test-method> <!-- lookonpurchaseindentTest -->
        <test-method is-config="true" signature="tearDown()[pri:0, instance:com.erp.qa.testcases.PurchaseIndentPageTest@3e27ba32]" started-at="2022-11-18T12:16:19 IST" name="tearDown" finished-at="2022-11-18T12:16:19 IST" duration-ms="197" status="PASS">
          <reporter-output>
          </reporter-output>
        </test-method> <!-- tearDown -->
        <test-method is-config="true" signature="setUp()[pri:0, instance:com.erp.qa.testcases.PurchaseIndentPageTest@3e27ba32]" started-at="2022-11-18T12:16:19 IST" name="setUp" finished-at="2022-11-18T12:16:26 IST" duration-ms="7160" status="PASS">
          <reporter-output>
          </reporter-output>
        </test-method> <!-- setUp -->
        <test-method signature="discartpurchaseindentTest()[pri:3, instance:com.erp.qa.testcases.PurchaseIndentPageTest@3e27ba32]" started-at="2022-11-18T12:16:26 IST" name="discartpurchaseindentTest" finished-at="2022-11-18T12:16:35 IST" duration-ms="9006" status="PASS">
          <reporter-output>
          </reporter-output>
        </test-method> <!-- discartpurchaseindentTest -->
        <test-method is-config="true" signature="tearDown()[pri:0, instance:com.erp.qa.testcases.PurchaseIndentPageTest@3e27ba32]" started-at="2022-11-18T12:16:35 IST" name="tearDown" finished-at="2022-11-18T12:16:35 IST" duration-ms="188" status="PASS">
          <reporter-output>
          </reporter-output>
        </test-method> <!-- tearDown -->
        <test-method is-config="true" signature="setUp()[pri:0, instance:com.erp.qa.testcases.PurchaseIndentPageTest@3e27ba32]" started-at="2022-11-18T12:16:35 IST" name="setUp" finished-at="2022-11-18T12:16:42 IST" duration-ms="6529" status="PASS">
          <reporter-output>
          </reporter-output>
        </test-method> <!-- setUp -->
        <test-method signature="addindentTest()[pri:4, instance:com.erp.qa.testcases.PurchaseIndentPageTest@3e27ba32]" started-at="2022-11-18T12:16:42 IST" name="addindentTest" finished-at="2022-11-18T12:17:33 IST" duration-ms="50986" status="PASS">
          <reporter-output>
          </reporter-output>
        </test-method> <!-- addindentTest -->
        <test-method is-config="true" signature="tearDown()[pri:0, instance:com.erp.qa.testcases.PurchaseIndentPageTest@3e27ba32]" started-at="2022-11-18T12:17:33 IST" name="tearDown" finished-at="2022-11-18T12:17:33 IST" duration-ms="176" status="PASS">
          <reporter-output>
          </reporter-output>
        </test-method> <!-- tearDown -->
        <test-method is-config="true" signature="setUp()[pri:0, instance:com.erp.qa.testcases.PurchaseIndentPageTest@3e27ba32]" started-at="2022-11-18T12:17:33 IST" name="setUp" finished-at="2022-11-18T12:17:40 IST" duration-ms="6915" status="PASS">
          <reporter-output>
          </reporter-output>
        </test-method> <!-- setUp -->
        <test-method signature="submitindentTest()[pri:5, instance:com.erp.qa.testcases.PurchaseIndentPageTest@3e27ba32]" started-at="2022-11-18T12:17:40 IST" name="submitindentTest" finished-at="2022-11-18T12:17:44 IST" duration-ms="4178" status="FAIL">
          <exception class="org.openqa.selenium.ElementNotInteractableException">
            <message>
              <![CDATA[element not interactable
  (Session info: chrome=107.0.5304.107)
Build info: version: '4.2.2', revision: '683ccb65d6'
System info: host: 'BCV-DT-028', ip: '192.168.1.38', os.name: 'Windows 10', os.arch: 'amd64', os.version: '10.0', java.version: '17.0.3'
Driver info: org.openqa.selenium.chrome.ChromeDriver
Command: [6eb6ea383649320ca069625d06030b3f, clickElement {id=05140143-1781-4dbd-9054-654c947f6576}]
Capabilities {acceptInsecureCerts: true, browserName: chrome, browserVersion: 107.0.5304.107, chrome: {chromedriverVersion: 107.0.5304.62 (1eec40d3a576..., userDataDir: C:\Users\YASHAN~1.SUD\AppDa...}, goog:chromeOptions: {debuggerAddress: localhost:59095}, networkConnectionEnabled: false, pageLoadStrategy: normal, platformName: WINDOWS, proxy: Proxy(), se:cdp: ws://localhost:59095/devtoo..., se:cdpVersion: 107.0.5304.107, setWindowRect: true, strictFileInteractability: false, timeouts: {implicit: 0, pageLoad: 300000, script: 30000}, unhandledPromptBehavior: dismiss and notify, webauthn:extension:credBlob: true, webauthn:extension:largeBlob: true, webauthn:virtualAuthenticators: true}
Element: [[ChromeDriver: chrome on WINDOWS (6eb6ea383649320ca069625d06030b3f)] -> xpath: (//input[contains(@type,'checkbox')])[56]]
Session ID: 6eb6ea383649320ca069625d06030b3f]]>
            </message>
            <full-stacktrace>
              <![CDATA[org.openqa.selenium.ElementNotInteractableException: element not interactable
  (Session info: chrome=107.0.5304.107)
Build info: version: '4.2.2', revision: '683ccb65d6'
System info: host: 'BCV-DT-028', ip: '192.168.1.38', os.name: 'Windows 10', os.arch: 'amd64', os.version: '10.0', java.version: '17.0.3'
Driver info: org.openqa.selenium.chrome.ChromeDriver
Command: [6eb6ea383649320ca069625d06030b3f, clickElement {id=05140143-1781-4dbd-9054-654c947f6576}]
Capabilities {acceptInsecureCerts: true, browserName: chrome, browserVersion: 107.0.5304.107, chrome: {chromedriverVersion: 107.0.5304.62 (1eec40d3a576..., userDataDir: C:\Users\YASHAN~1.SUD\AppDa...}, goog:chromeOptions: {debuggerAddress: localhost:59095}, networkConnectionEnabled: false, pageLoadStrategy: normal, platformName: WINDOWS, proxy: Proxy(), se:cdp: ws://localhost:59095/devtoo..., se:cdpVersion: 107.0.5304.107, setWindowRect: true, strictFileInteractability: false, timeouts: {implicit: 0, pageLoad: 300000, script: 30000}, unhandledPromptBehavior: dismiss and notify, webauthn:extension:credBlob: true, webauthn:extension:largeBlob: true, webauthn:virtualAuthenticators: true}
Element: [[ChromeDriver: chrome on WINDOWS (6eb6ea383649320ca069625d06030b3f)] -> xpath: (//input[contains(@type,'checkbox')])[56]]
Session ID: 6eb6ea383649320ca069625d06030b3f
at java.base/jdk.internal.reflect.NativeConstructorAccessorImpl.newInstance0(Native Method)
at java.base/jdk.internal.reflect.NativeConstructorAccessorImpl.newInstance(NativeConstructorAccessorImpl.java:77)
at java.base/jdk.internal.reflect.DelegatingConstructorAccessorImpl.newInstance(DelegatingConstructorAccessorImpl.java:45)
at java.base/java.lang.reflect.Constructor.newInstanceWithCaller(Constructor.java:499)
at java.base/java.lang.reflect.Constructor.newInstance(Constructor.java:480)
at org.openqa.selenium.remote.codec.w3c.W3CHttpResponseCodec.createException(W3CHttpResponseCodec.java:200)
at org.openqa.selenium.remote.codec.w3c.W3CHttpResponseCodec.decode(W3CHttpResponseCodec.java:133)
at org.openqa.selenium.remote.codec.w3c.W3CHttpResponseCodec.decode(W3CHttpResponseCodec.java:53)
at org.openqa.selenium.remote.HttpCommandExecutor.execute(HttpCommandExecutor.java:184)
at org.openqa.selenium.remote.service.DriverCommandExecutor.invokeExecute(DriverCommandExecutor.java:167)
at org.openqa.selenium.remote.service.DriverCommandExecutor.execute(DriverCommandExecutor.java:142)
at org.openqa.selenium.remote.RemoteWebDriver.execute(RemoteWebDriver.java:588)
at org.openqa.selenium.remote.RemoteWebElement.execute(RemoteWebElement.java:257)
at org.openqa.selenium.remote.RemoteWebElement.click(RemoteWebElement.java:78)
at jdk.internal.reflect.GeneratedMethodAccessor1.invoke(Unknown Source)
at java.base/jdk.internal.reflect.DelegatingMethodAccessorImpl.invoke(DelegatingMethodAccessorImpl.java:43)
at java.base/java.lang.reflect.Method.invoke(Method.java:568)
at org.openqa.selenium.support.pagefactory.internal.LocatingElementHandler.invoke(LocatingElementHandler.java:52)
at jdk.proxy2/jdk.proxy2.$Proxy17.click(Unknown Source)
at com.erp.qa.pages.PurchaseIndentPage.submitindent(PurchaseIndentPage.java:95)
at com.erp.qa.testcases.PurchaseIndentPageTest.submitindentTest(PurchaseIndentPageTest.java:83)
at java.base/jdk.internal.reflect.NativeMethodAccessorImpl.invoke0(Native Method)
at java.base/jdk.internal.reflect.NativeMethodAccessorImpl.invoke(NativeMethodAccessorImpl.java:77)
at java.base/jdk.internal.reflect.DelegatingMethodAccessorImpl.invoke(DelegatingMethodAccessorImpl.java:43)
at java.base/java.lang.reflect.Method.invoke(Method.java:568)
at org.testng.internal.invokers.MethodInvocationHelper.invokeMethod(MethodInvocationHelper.java:135)
at org.testng.internal.invokers.TestInvoker.invokeMethod(TestInvoker.java:673)
at org.testng.internal.invokers.TestInvoker.invokeTestMethod(TestInvoker.java:220)
at org.testng.internal.invokers.MethodRunner.runInSequence(MethodRunner.java:50)
at org.testng.internal.invokers.TestInvoker$MethodInvocationAgent.invoke(TestInvoker.java:945)
at org.testng.internal.invokers.TestInvoker.invokeTestMethods(TestInvoker.java:193)
at org.testng.internal.invokers.TestMethodWorker.invokeTestMethods(TestMethodWorker.java:146)
at org.testng.internal.invokers.TestMethodWorker.run(TestMethodWorker.java:128)
at java.base/java.util.ArrayList.forEach(ArrayList.java:1511)
at org.testng.TestRunner.privateRun(TestRunner.java:808)
at org.testng.TestRunner.run(TestRunner.java:603)
at org.testng.SuiteRunner.runTest(SuiteRunner.java:429)
at org.testng.SuiteRunner.runSequentially(SuiteRunner.java:423)
at org.testng.SuiteRunner.privateRun(SuiteRunner.java:383)
at org.testng.SuiteRunner.run(SuiteRunner.java:326)
at org.testng.SuiteRunnerWorker.runSuite(SuiteRunnerWorker.java:52)
at org.testng.SuiteRunnerWorker.run(SuiteRunnerWorker.java:95)
at org.testng.TestNG.runSuitesSequentially(TestNG.java:1249)
at org.testng.TestNG.runSuitesLocally(TestNG.java:1169)
at org.testng.TestNG.runSuites(TestNG.java:1092)
at org.testng.TestNG.run(TestNG.java:1060)
at org.testng.remote.AbstractRemoteTestNG.run(AbstractRemoteTestNG.java:115)
at org.testng.remote.RemoteTestNG.initAndRun(RemoteTestNG.java:251)
at org.testng.remote.RemoteTestNG.main(RemoteTestNG.java:77)
]]>
            </full-stacktrace>
          </exception> <!-- org.openqa.selenium.ElementNotInteractableException -->
          <reporter-output>
          </reporter-output>
        </test-method> <!-- submitindentTest -->
        <test-method is-config="true" signature="tearDown()[pri:0, instance:com.erp.qa.testcases.PurchaseIndentPageTest@3e27ba32]" started-at="2022-11-18T12:17:44 IST" name="tearDown" finished-at="2022-11-18T12:17:44 IST" duration-ms="180" status="PASS">
          <reporter-output>
          </reporter-output>
        </test-method> <!-- tearDown -->
      </class> <!-- com.erp.qa.testcases.PurchaseIndentPageTest -->
      <class name="com.erp.qa.testcases.LoginPageTest">
        <test-method is-config="true" signature="setUp()[pri:0, instance:com.erp.qa.testcases.LoginPageTest@117159c0]" started-at="2022-11-18T12:15:44 IST" name="setUp" finished-at="2022-11-18T12:15:46 IST" duration-ms="2434" status="PASS">
          <reporter-output>
          </reporter-output>
        </test-method> <!-- setUp -->
        <test-method signature="validateloginPageTitleTest()[pri:1, instance:com.erp.qa.testcases.LoginPageTest@117159c0]" started-at="2022-11-18T12:15:46 IST" name="validateloginPageTitleTest" finished-at="2022-11-18T12:15:46 IST" duration-ms="6" status="PASS">
          <reporter-output>
          </reporter-output>
        </test-method> <!-- validateloginPageTitleTest -->
        <test-method is-config="true" signature="tearDown()[pri:0, instance:com.erp.qa.testcases.LoginPageTest@117159c0]" started-at="2022-11-18T12:15:46 IST" name="tearDown" finished-at="2022-11-18T12:15:47 IST" duration-ms="179" status="PASS">
          <reporter-output>
          </reporter-output>
        </test-method> <!-- tearDown -->
        <test-method is-config="true" signature="setUp()[pri:0, instance:com.erp.qa.testcases.LoginPageTest@117159c0]" started-at="2022-11-18T12:15:47 IST" name="setUp" finished-at="2022-11-18T12:15:49 IST" duration-ms="2217" status="PASS">
          <reporter-output>
          </reporter-output>
        </test-method> <!-- setUp -->
        <test-method signature="validatelogupimgTest()[pri:2, instance:com.erp.qa.testcases.LoginPageTest@117159c0]" started-at="2022-11-18T12:15:49 IST" name="validatelogupimgTest" finished-at="2022-11-18T12:15:49 IST" duration-ms="37" status="PASS">
          <reporter-output>
          </reporter-output>
        </test-method> <!-- validatelogupimgTest -->
        <test-method is-config="true" signature="tearDown()[pri:0, instance:com.erp.qa.testcases.LoginPageTest@117159c0]" started-at="2022-11-18T12:15:49 IST" name="tearDown" finished-at="2022-11-18T12:15:49 IST" duration-ms="191" status="PASS">
          <reporter-output>
          </reporter-output>
        </test-method> <!-- tearDown -->
        <test-method is-config="true" signature="setUp()[pri:0, instance:com.erp.qa.testcases.LoginPageTest@117159c0]" started-at="2022-11-18T12:15:49 IST" name="setUp" finished-at="2022-11-18T12:15:52 IST" duration-ms="2476" status="PASS">
          <reporter-output>
          </reporter-output>
        </test-method> <!-- setUp -->
        <test-method signature="validatebuttonTest()[pri:3, instance:com.erp.qa.testcases.LoginPageTest@117159c0]" started-at="2022-11-18T12:15:52 IST" name="validatebuttonTest" finished-at="2022-11-18T12:15:52 IST" duration-ms="23" status="PASS">
          <reporter-output>
          </reporter-output>
        </test-method> <!-- validatebuttonTest -->
        <test-method is-config="true" signature="tearDown()[pri:0, instance:com.erp.qa.testcases.LoginPageTest@117159c0]" started-at="2022-11-18T12:15:52 IST" name="tearDown" finished-at="2022-11-18T12:15:52 IST" duration-ms="246" status="PASS">
          <reporter-output>
          </reporter-output>
        </test-method> <!-- tearDown -->
        <test-method is-config="true" signature="setUp()[pri:0, instance:com.erp.qa.testcases.LoginPageTest@117159c0]" started-at="2022-11-18T12:15:52 IST" name="setUp" finished-at="2022-11-18T12:15:54 IST" duration-ms="2180" status="PASS">
          <reporter-output>
          </reporter-output>
        </test-method> <!-- setUp -->
        <test-method signature="loginTest()[pri:4, instance:com.erp.qa.testcases.LoginPageTest@117159c0]" started-at="2022-11-18T12:15:54 IST" name="loginTest" finished-at="2022-11-18T12:15:54 IST" duration-ms="198" status="PASS">
          <reporter-output>
          </reporter-output>
        </test-method> <!-- loginTest -->
        <test-method is-config="true" signature="tearDown()[pri:0, instance:com.erp.qa.testcases.LoginPageTest@117159c0]" started-at="2022-11-18T12:15:54 IST" name="tearDown" finished-at="2022-11-18T12:15:54 IST" duration-ms="176" status="PASS">
          <reporter-output>
          </reporter-output>
        </test-method> <!-- tearDown -->
      </class> <!-- com.erp.qa.testcases.LoginPageTest -->
      <class name="com.erp.qa.testcases.DasbordPageTest">
        <test-method is-config="true" signature="setUp()[pri:0, instance:com.erp.qa.testcases.DasbordPageTest@20140db9]" started-at="2022-11-18T12:15:29 IST" name="setUp" finished-at="2022-11-18T12:15:32 IST" duration-ms="3425" status="PASS">
          <reporter-output>
          </reporter-output>
        </test-method> <!-- setUp -->
        <test-method signature="validatedashbordPageTitleTest()[pri:1, instance:com.erp.qa.testcases.DasbordPageTest@20140db9]" started-at="2022-11-18T12:15:32 IST" name="validatedashbordPageTitleTest" finished-at="2022-11-18T12:15:32 IST" duration-ms="17" status="PASS">
          <reporter-output>
          </reporter-output>
        </test-method> <!-- validatedashbordPageTitleTest -->
        <test-method is-config="true" signature="tearDown()[pri:0, instance:com.erp.qa.testcases.DasbordPageTest@20140db9]" started-at="2022-11-18T12:15:32 IST" name="tearDown" finished-at="2022-11-18T12:15:32 IST" duration-ms="186" status="PASS">
          <reporter-output>
          </reporter-output>
        </test-method> <!-- tearDown -->
        <test-method is-config="true" signature="setUp()[pri:0, instance:com.erp.qa.testcases.DasbordPageTest@20140db9]" started-at="2022-11-18T12:15:32 IST" name="setUp" finished-at="2022-11-18T12:15:35 IST" duration-ms="2665" status="PASS">
          <reporter-output>
          </reporter-output>
        </test-method> <!-- setUp -->
        <test-method signature="validatelogoTest()[pri:2, instance:com.erp.qa.testcases.DasbordPageTest@20140db9]" started-at="2022-11-18T12:15:35 IST" name="validatelogoTest" finished-at="2022-11-18T12:15:37 IST" duration-ms="2050" status="PASS">
          <reporter-output>
          </reporter-output>
        </test-method> <!-- validatelogoTest -->
        <test-method is-config="true" signature="tearDown()[pri:0, instance:com.erp.qa.testcases.DasbordPageTest@20140db9]" started-at="2022-11-18T12:15:37 IST" name="tearDown" finished-at="2022-11-18T12:15:37 IST" duration-ms="182" status="PASS">
          <reporter-output>
          </reporter-output>
        </test-method> <!-- tearDown -->
        <test-method is-config="true" signature="setUp()[pri:0, instance:com.erp.qa.testcases.DasbordPageTest@20140db9]" started-at="2022-11-18T12:15:37 IST" name="setUp" finished-at="2022-11-18T12:15:40 IST" duration-ms="2359" status="PASS">
          <reporter-output>
          </reporter-output>
        </test-method> <!-- setUp -->
        <test-method signature="clickpurchaseindentTest()[pri:3, instance:com.erp.qa.testcases.DasbordPageTest@20140db9]" started-at="2022-11-18T12:15:40 IST" name="clickpurchaseindentTest" finished-at="2022-11-18T12:15:44 IST" duration-ms="4138" status="PASS">
          <reporter-output>
          </reporter-output>
        </test-method> <!-- clickpurchaseindentTest -->
        <test-method is-config="true" signature="tearDown()[pri:0, instance:com.erp.qa.testcases.DasbordPageTest@20140db9]" started-at="2022-11-18T12:15:44 IST" name="tearDown" finished-at="2022-11-18T12:15:44 IST" duration-ms="190" status="PASS">
          <reporter-output>
          </reporter-output>
        </test-method> <!-- tearDown -->
      </class> <!-- com.erp.qa.testcases.DasbordPageTest -->
    </test> <!-- ERP Test Cases -->
  </suite> <!-- ERPVGS Automation -->
</testng-results>
